<?xml version="1.0" encoding="UTF-8"?>
<testsuite xmlns:xsi="http://www.w3.org/2001/XMLSchema-instance" xsi:noNamespaceSchemaLocation="https://maven.apache.org/surefire/maven-surefire-plugin/xsd/surefire-test-report-3.0.xsd" version="3.0" name="edu.dosw.sirha.SIRHA_BackEnd.SirhaBackEndApplicationTests" time="20.233" tests="94" errors="0" skipped="0" failures="0">
  <properties>
    <property name="java.specification.version" value="24"/>
    <property name="sun.cpu.isalist" value="amd64"/>
    <property name="sun.jnu.encoding" value="Cp1252"/>
    <property name="java.class.path" value="C:\Users\USUARIO\Documents\Universidad\DOSW\SIRHA-BackEnd\target\test-classes;C:\Users\USUARIO\Documents\Universidad\DOSW\SIRHA-BackEnd\target\classes;C:\Users\USUARIO\.m2\repository\org\springdoc\springdoc-openapi-starter-webmvc-ui\2.2.0\springdoc-openapi-starter-webmvc-ui-2.2.0.jar;C:\Users\USUARIO\.m2\repository\org\springdoc\springdoc-openapi-starter-webmvc-api\2.2.0\springdoc-openapi-starter-webmvc-api-2.2.0.jar;C:\Users\USUARIO\.m2\repository\org\springdoc\springdoc-openapi-starter-common\2.2.0\springdoc-openapi-starter-common-2.2.0.jar;C:\Users\USUARIO\.m2\repository\io\swagger\core\v3\swagger-core-jakarta\2.2.15\swagger-core-jakarta-2.2.15.jar;C:\Users\USUARIO\.m2\repository\org\apache\commons\commons-lang3\3.14.0\commons-lang3-3.14.0.jar;C:\Users\USUARIO\.m2\repository\io\swagger\core\v3\swagger-annotations-jakarta\2.2.15\swagger-annotations-jakarta-2.2.15.jar;C:\Users\USUARIO\.m2\repository\io\swagger\core\v3\swagger-models-jakarta\2.2.15\swagger-models-jakarta-2.2.15.jar;C:\Users\USUARIO\.m2\repository\com\fasterxml\jackson\dataformat\jackson-dataformat-yaml\2.17.2\jackson-dataformat-yaml-2.17.2.jar;C:\Users\USUARIO\.m2\repository\org\webjars\swagger-ui\5.2.0\swagger-ui-5.2.0.jar;C:\Users\USUARIO\.m2\repository\jakarta\validation\jakarta.validation-api\3.0.2\jakarta.validation-api-3.0.2.jar;C:\Users\USUARIO\.m2\repository\org\springframework\boot\spring-boot-starter\3.3.5\spring-boot-starter-3.3.5.jar;C:\Users\USUARIO\.m2\repository\org\springframework\boot\spring-boot\3.3.5\spring-boot-3.3.5.jar;C:\Users\USUARIO\.m2\repository\org\springframework\spring-context\6.1.14\spring-context-6.1.14.jar;C:\Users\USUARIO\.m2\repository\org\springframework\boot\spring-boot-autoconfigure\3.3.5\spring-boot-autoconfigure-3.3.5.jar;C:\Users\USUARIO\.m2\repository\org\springframework\boot\spring-boot-starter-logging\3.3.5\spring-boot-starter-logging-3.3.5.jar;C:\Users\USUARIO\.m2\repository\ch\qos\logback\logback-classic\1.5.11\logback-classic-1.5.11.jar;C:\Users\USUARIO\.m2\repository\ch\qos\logback\logback-core\1.5.11\logback-core-1.5.11.jar;C:\Users\USUARIO\.m2\repository\org\apache\logging\log4j\log4j-to-slf4j\2.23.1\log4j-to-slf4j-2.23.1.jar;C:\Users\USUARIO\.m2\repository\org\apache\logging\log4j\log4j-api\2.23.1\log4j-api-2.23.1.jar;C:\Users\USUARIO\.m2\repository\org\slf4j\jul-to-slf4j\2.0.16\jul-to-slf4j-2.0.16.jar;C:\Users\USUARIO\.m2\repository\jakarta\annotation\jakarta.annotation-api\2.1.1\jakarta.annotation-api-2.1.1.jar;C:\Users\USUARIO\.m2\repository\org\springframework\spring-core\6.1.14\spring-core-6.1.14.jar;C:\Users\USUARIO\.m2\repository\org\springframework\spring-jcl\6.1.14\spring-jcl-6.1.14.jar;C:\Users\USUARIO\.m2\repository\org\yaml\snakeyaml\2.2\snakeyaml-2.2.jar;C:\Users\USUARIO\.m2\repository\org\springframework\boot\spring-boot-starter-web\3.3.5\spring-boot-starter-web-3.3.5.jar;C:\Users\USUARIO\.m2\repository\org\springframework\boot\spring-boot-starter-json\3.3.5\spring-boot-starter-json-3.3.5.jar;C:\Users\USUARIO\.m2\repository\com\fasterxml\jackson\core\jackson-databind\2.17.2\jackson-databind-2.17.2.jar;C:\Users\USUARIO\.m2\repository\com\fasterxml\jackson\core\jackson-annotations\2.17.2\jackson-annotations-2.17.2.jar;C:\Users\USUARIO\.m2\repository\com\fasterxml\jackson\core\jackson-core\2.17.2\jackson-core-2.17.2.jar;C:\Users\USUARIO\.m2\repository\com\fasterxml\jackson\datatype\jackson-datatype-jdk8\2.17.2\jackson-datatype-jdk8-2.17.2.jar;C:\Users\USUARIO\.m2\repository\com\fasterxml\jackson\datatype\jackson-datatype-jsr310\2.17.2\jackson-datatype-jsr310-2.17.2.jar;C:\Users\USUARIO\.m2\repository\com\fasterxml\jackson\module\jackson-module-parameter-names\2.17.2\jackson-module-parameter-names-2.17.2.jar;C:\Users\USUARIO\.m2\repository\org\springframework\boot\spring-boot-starter-tomcat\3.3.5\spring-boot-starter-tomcat-3.3.5.jar;C:\Users\USUARIO\.m2\repository\org\apache\tomcat\embed\tomcat-embed-core\10.1.31\tomcat-embed-core-10.1.31.jar;C:\Users\USUARIO\.m2\repository\org\apache\tomcat\embed\tomcat-embed-websocket\10.1.31\tomcat-embed-websocket-10.1.31.jar;C:\Users\USUARIO\.m2\repository\org\springframework\spring-web\6.1.14\spring-web-6.1.14.jar;C:\Users\USUARIO\.m2\repository\org\springframework\spring-beans\6.1.14\spring-beans-6.1.14.jar;C:\Users\USUARIO\.m2\repository\org\springframework\spring-webmvc\6.1.14\spring-webmvc-6.1.14.jar;C:\Users\USUARIO\.m2\repository\org\springframework\spring-expression\6.1.14\spring-expression-6.1.14.jar;C:\Users\USUARIO\.m2\repository\org\springframework\boot\spring-boot-starter-actuator\3.3.5\spring-boot-starter-actuator-3.3.5.jar;C:\Users\USUARIO\.m2\repository\org\springframework\boot\spring-boot-actuator-autoconfigure\3.3.5\spring-boot-actuator-autoconfigure-3.3.5.jar;C:\Users\USUARIO\.m2\repository\org\springframework\boot\spring-boot-actuator\3.3.5\spring-boot-actuator-3.3.5.jar;C:\Users\USUARIO\.m2\repository\io\micrometer\micrometer-observation\1.13.6\micrometer-observation-1.13.6.jar;C:\Users\USUARIO\.m2\repository\io\micrometer\micrometer-commons\1.13.6\micrometer-commons-1.13.6.jar;C:\Users\USUARIO\.m2\repository\io\micrometer\micrometer-jakarta9\1.13.6\micrometer-jakarta9-1.13.6.jar;C:\Users\USUARIO\.m2\repository\io\micrometer\micrometer-core\1.13.6\micrometer-core-1.13.6.jar;C:\Users\USUARIO\.m2\repository\org\hdrhistogram\HdrHistogram\2.2.2\HdrHistogram-2.2.2.jar;C:\Users\USUARIO\.m2\repository\org\latencyutils\LatencyUtils\2.0.3\LatencyUtils-2.0.3.jar;C:\Users\USUARIO\.m2\repository\org\springframework\boot\spring-boot-starter-data-mongodb\3.3.5\spring-boot-starter-data-mongodb-3.3.5.jar;C:\Users\USUARIO\.m2\repository\org\springframework\data\spring-data-mongodb\4.3.5\spring-data-mongodb-4.3.5.jar;C:\Users\USUARIO\.m2\repository\org\springframework\spring-tx\6.1.14\spring-tx-6.1.14.jar;C:\Users\USUARIO\.m2\repository\org\springframework\data\spring-data-commons\3.3.5\spring-data-commons-3.3.5.jar;C:\Users\USUARIO\.m2\repository\org\slf4j\slf4j-api\2.0.16\slf4j-api-2.0.16.jar;C:\Users\USUARIO\.m2\repository\org\mongodb\mongodb-driver-sync\5.0.1\mongodb-driver-sync-5.0.1.jar;C:\Users\USUARIO\.m2\repository\org\mongodb\bson\5.0.1\bson-5.0.1.jar;C:\Users\USUARIO\.m2\repository\org\mongodb\mongodb-driver-core\5.0.1\mongodb-driver-core-5.0.1.jar;C:\Users\USUARIO\.m2\repository\org\mongodb\bson-record-codec\5.0.1\bson-record-codec-5.0.1.jar;C:\Users\USUARIO\.m2\repository\org\springframework\boot\spring-boot-starter-security\3.3.5\spring-boot-starter-security-3.3.5.jar;C:\Users\USUARIO\.m2\repository\org\springframework\spring-aop\6.1.14\spring-aop-6.1.14.jar;C:\Users\USUARIO\.m2\repository\org\springframework\security\spring-security-config\6.3.4\spring-security-config-6.3.4.jar;C:\Users\USUARIO\.m2\repository\org\springframework\security\spring-security-web\6.3.4\spring-security-web-6.3.4.jar;C:\Users\USUARIO\.m2\repository\org\springframework\boot\spring-boot-starter-validation\3.3.5\spring-boot-starter-validation-3.3.5.jar;C:\Users\USUARIO\.m2\repository\org\apache\tomcat\embed\tomcat-embed-el\10.1.31\tomcat-embed-el-10.1.31.jar;C:\Users\USUARIO\.m2\repository\org\hibernate\validator\hibernate-validator\8.0.1.Final\hibernate-validator-8.0.1.Final.jar;C:\Users\USUARIO\.m2\repository\org\jboss\logging\jboss-logging\3.5.3.Final\jboss-logging-3.5.3.Final.jar;C:\Users\USUARIO\.m2\repository\com\fasterxml\classmate\1.7.0\classmate-1.7.0.jar;C:\Users\USUARIO\.m2\repository\org\springframework\boot\spring-boot-starter-test\3.3.5\spring-boot-starter-test-3.3.5.jar;C:\Users\USUARIO\.m2\repository\org\springframework\boot\spring-boot-test\3.3.5\spring-boot-test-3.3.5.jar;C:\Users\USUARIO\.m2\repository\org\springframework\boot\spring-boot-test-autoconfigure\3.3.5\spring-boot-test-autoconfigure-3.3.5.jar;C:\Users\USUARIO\.m2\repository\com\jayway\jsonpath\json-path\2.9.0\json-path-2.9.0.jar;C:\Users\USUARIO\.m2\repository\jakarta\xml\bind\jakarta.xml.bind-api\4.0.2\jakarta.xml.bind-api-4.0.2.jar;C:\Users\USUARIO\.m2\repository\jakarta\activation\jakarta.activation-api\2.1.3\jakarta.activation-api-2.1.3.jar;C:\Users\USUARIO\.m2\repository\net\minidev\json-smart\2.5.1\json-smart-2.5.1.jar;C:\Users\USUARIO\.m2\repository\net\minidev\accessors-smart\2.5.1\accessors-smart-2.5.1.jar;C:\Users\USUARIO\.m2\repository\org\ow2\asm\asm\9.6\asm-9.6.jar;C:\Users\USUARIO\.m2\repository\org\assertj\assertj-core\3.25.3\assertj-core-3.25.3.jar;C:\Users\USUARIO\.m2\repository\net\bytebuddy\byte-buddy\1.14.19\byte-buddy-1.14.19.jar;C:\Users\USUARIO\.m2\repository\org\awaitility\awaitility\4.2.2\awaitility-4.2.2.jar;C:\Users\USUARIO\.m2\repository\org\hamcrest\hamcrest\2.2\hamcrest-2.2.jar;C:\Users\USUARIO\.m2\repository\org\mockito\mockito-core\5.11.0\mockito-core-5.11.0.jar;C:\Users\USUARIO\.m2\repository\net\bytebuddy\byte-buddy-agent\1.14.19\byte-buddy-agent-1.14.19.jar;C:\Users\USUARIO\.m2\repository\org\objenesis\objenesis\3.3\objenesis-3.3.jar;C:\Users\USUARIO\.m2\repository\org\mockito\mockito-junit-jupiter\5.11.0\mockito-junit-jupiter-5.11.0.jar;C:\Users\USUARIO\.m2\repository\org\skyscreamer\jsonassert\1.5.3\jsonassert-1.5.3.jar;C:\Users\USUARIO\.m2\repository\com\vaadin\external\google\android-json\0.0.20131108.vaadin1\android-json-0.0.20131108.vaadin1.jar;C:\Users\USUARIO\.m2\repository\org\springframework\spring-test\6.1.14\spring-test-6.1.14.jar;C:\Users\USUARIO\.m2\repository\org\xmlunit\xmlunit-core\2.9.1\xmlunit-core-2.9.1.jar;C:\Users\USUARIO\.m2\repository\org\junit\jupiter\junit-jupiter\5.10.2\junit-jupiter-5.10.2.jar;C:\Users\USUARIO\.m2\repository\org\junit\jupiter\junit-jupiter-api\5.10.5\junit-jupiter-api-5.10.5.jar;C:\Users\USUARIO\.m2\repository\org\opentest4j\opentest4j\1.3.0\opentest4j-1.3.0.jar;C:\Users\USUARIO\.m2\repository\org\junit\platform\junit-platform-commons\1.10.5\junit-platform-commons-1.10.5.jar;C:\Users\USUARIO\.m2\repository\org\apiguardian\apiguardian-api\1.1.2\apiguardian-api-1.1.2.jar;C:\Users\USUARIO\.m2\repository\org\junit\jupiter\junit-jupiter-params\5.10.5\junit-jupiter-params-5.10.5.jar;C:\Users\USUARIO\.m2\repository\org\junit\jupiter\junit-jupiter-engine\5.10.5\junit-jupiter-engine-5.10.5.jar;C:\Users\USUARIO\.m2\repository\org\junit\platform\junit-platform-engine\1.10.5\junit-platform-engine-1.10.5.jar;C:\Users\USUARIO\.m2\repository\org\springframework\security\spring-security-test\6.3.4\spring-security-test-6.3.4.jar;C:\Users\USUARIO\.m2\repository\org\springframework\security\spring-security-core\6.3.4\spring-security-core-6.3.4.jar;C:\Users\USUARIO\.m2\repository\org\springframework\security\spring-security-crypto\6.3.4\spring-security-crypto-6.3.4.jar;C:\Users\USUARIO\.m2\repository\me\paulschwarz\spring-dotenv\4.0.0\spring-dotenv-4.0.0.jar;C:\Users\USUARIO\.m2\repository\io\github\cdimascio\dotenv-java\3.0.0\dotenv-java-3.0.0.jar;"/>
    <property name="java.vm.vendor" value="Oracle Corporation"/>
    <property name="sun.arch.data.model" value="64"/>
    <property name="user.variant" value=""/>
    <property name="java.vendor.url" value="https://java.oracle.com/"/>
    <property name="user.timezone" value="America/Bogota"/>
    <property name="org.jboss.logging.provider" value="slf4j"/>
    <property name="os.name" value="Windows 11"/>
    <property name="java.vm.specification.version" value="24"/>
    <property name="user.country" value="CO"/>
    <property name="sun.java.launcher" value="SUN_STANDARD"/>
    <property name="sun.boot.library.path" value="C:\Program Files\Java\jdk-24\bin"/>
    <property name="sun.java.command" value="C:\Users\USUARIO\AppData\Local\Temp\surefire15604141588415344320\surefirebooter-20251019160728064_3.jar C:\Users\USUARIO\AppData\Local\Temp\surefire15604141588415344320 2025-10-19T16-07-27_940-jvmRun1 surefire-20251019160728064_1tmp surefire_0-20251019160728064_2tmp"/>
    <property name="jdk.debug" value="release"/>
    <property name="surefire.test.class.path" value="C:\Users\USUARIO\Documents\Universidad\DOSW\SIRHA-BackEnd\target\test-classes;C:\Users\USUARIO\Documents\Universidad\DOSW\SIRHA-BackEnd\target\classes;C:\Users\USUARIO\.m2\repository\org\springdoc\springdoc-openapi-starter-webmvc-ui\2.2.0\springdoc-openapi-starter-webmvc-ui-2.2.0.jar;C:\Users\USUARIO\.m2\repository\org\springdoc\springdoc-openapi-starter-webmvc-api\2.2.0\springdoc-openapi-starter-webmvc-api-2.2.0.jar;C:\Users\USUARIO\.m2\repository\org\springdoc\springdoc-openapi-starter-common\2.2.0\springdoc-openapi-starter-common-2.2.0.jar;C:\Users\USUARIO\.m2\repository\io\swagger\core\v3\swagger-core-jakarta\2.2.15\swagger-core-jakarta-2.2.15.jar;C:\Users\USUARIO\.m2\repository\org\apache\commons\commons-lang3\3.14.0\commons-lang3-3.14.0.jar;C:\Users\USUARIO\.m2\repository\io\swagger\core\v3\swagger-annotations-jakarta\2.2.15\swagger-annotations-jakarta-2.2.15.jar;C:\Users\USUARIO\.m2\repository\io\swagger\core\v3\swagger-models-jakarta\2.2.15\swagger-models-jakarta-2.2.15.jar;C:\Users\USUARIO\.m2\repository\com\fasterxml\jackson\dataformat\jackson-dataformat-yaml\2.17.2\jackson-dataformat-yaml-2.17.2.jar;C:\Users\USUARIO\.m2\repository\org\webjars\swagger-ui\5.2.0\swagger-ui-5.2.0.jar;C:\Users\USUARIO\.m2\repository\jakarta\validation\jakarta.validation-api\3.0.2\jakarta.validation-api-3.0.2.jar;C:\Users\USUARIO\.m2\repository\org\springframework\boot\spring-boot-starter\3.3.5\spring-boot-starter-3.3.5.jar;C:\Users\USUARIO\.m2\repository\org\springframework\boot\spring-boot\3.3.5\spring-boot-3.3.5.jar;C:\Users\USUARIO\.m2\repository\org\springframework\spring-context\6.1.14\spring-context-6.1.14.jar;C:\Users\USUARIO\.m2\repository\org\springframework\boot\spring-boot-autoconfigure\3.3.5\spring-boot-autoconfigure-3.3.5.jar;C:\Users\USUARIO\.m2\repository\org\springframework\boot\spring-boot-starter-logging\3.3.5\spring-boot-starter-logging-3.3.5.jar;C:\Users\USUARIO\.m2\repository\ch\qos\logback\logback-classic\1.5.11\logback-classic-1.5.11.jar;C:\Users\USUARIO\.m2\repository\ch\qos\logback\logback-core\1.5.11\logback-core-1.5.11.jar;C:\Users\USUARIO\.m2\repository\org\apache\logging\log4j\log4j-to-slf4j\2.23.1\log4j-to-slf4j-2.23.1.jar;C:\Users\USUARIO\.m2\repository\org\apache\logging\log4j\log4j-api\2.23.1\log4j-api-2.23.1.jar;C:\Users\USUARIO\.m2\repository\org\slf4j\jul-to-slf4j\2.0.16\jul-to-slf4j-2.0.16.jar;C:\Users\USUARIO\.m2\repository\jakarta\annotation\jakarta.annotation-api\2.1.1\jakarta.annotation-api-2.1.1.jar;C:\Users\USUARIO\.m2\repository\org\springframework\spring-core\6.1.14\spring-core-6.1.14.jar;C:\Users\USUARIO\.m2\repository\org\springframework\spring-jcl\6.1.14\spring-jcl-6.1.14.jar;C:\Users\USUARIO\.m2\repository\org\yaml\snakeyaml\2.2\snakeyaml-2.2.jar;C:\Users\USUARIO\.m2\repository\org\springframework\boot\spring-boot-starter-web\3.3.5\spring-boot-starter-web-3.3.5.jar;C:\Users\USUARIO\.m2\repository\org\springframework\boot\spring-boot-starter-json\3.3.5\spring-boot-starter-json-3.3.5.jar;C:\Users\USUARIO\.m2\repository\com\fasterxml\jackson\core\jackson-databind\2.17.2\jackson-databind-2.17.2.jar;C:\Users\USUARIO\.m2\repository\com\fasterxml\jackson\core\jackson-annotations\2.17.2\jackson-annotations-2.17.2.jar;C:\Users\USUARIO\.m2\repository\com\fasterxml\jackson\core\jackson-core\2.17.2\jackson-core-2.17.2.jar;C:\Users\USUARIO\.m2\repository\com\fasterxml\jackson\datatype\jackson-datatype-jdk8\2.17.2\jackson-datatype-jdk8-2.17.2.jar;C:\Users\USUARIO\.m2\repository\com\fasterxml\jackson\datatype\jackson-datatype-jsr310\2.17.2\jackson-datatype-jsr310-2.17.2.jar;C:\Users\USUARIO\.m2\repository\com\fasterxml\jackson\module\jackson-module-parameter-names\2.17.2\jackson-module-parameter-names-2.17.2.jar;C:\Users\USUARIO\.m2\repository\org\springframework\boot\spring-boot-starter-tomcat\3.3.5\spring-boot-starter-tomcat-3.3.5.jar;C:\Users\USUARIO\.m2\repository\org\apache\tomcat\embed\tomcat-embed-core\10.1.31\tomcat-embed-core-10.1.31.jar;C:\Users\USUARIO\.m2\repository\org\apache\tomcat\embed\tomcat-embed-websocket\10.1.31\tomcat-embed-websocket-10.1.31.jar;C:\Users\USUARIO\.m2\repository\org\springframework\spring-web\6.1.14\spring-web-6.1.14.jar;C:\Users\USUARIO\.m2\repository\org\springframework\spring-beans\6.1.14\spring-beans-6.1.14.jar;C:\Users\USUARIO\.m2\repository\org\springframework\spring-webmvc\6.1.14\spring-webmvc-6.1.14.jar;C:\Users\USUARIO\.m2\repository\org\springframework\spring-expression\6.1.14\spring-expression-6.1.14.jar;C:\Users\USUARIO\.m2\repository\org\springframework\boot\spring-boot-starter-actuator\3.3.5\spring-boot-starter-actuator-3.3.5.jar;C:\Users\USUARIO\.m2\repository\org\springframework\boot\spring-boot-actuator-autoconfigure\3.3.5\spring-boot-actuator-autoconfigure-3.3.5.jar;C:\Users\USUARIO\.m2\repository\org\springframework\boot\spring-boot-actuator\3.3.5\spring-boot-actuator-3.3.5.jar;C:\Users\USUARIO\.m2\repository\io\micrometer\micrometer-observation\1.13.6\micrometer-observation-1.13.6.jar;C:\Users\USUARIO\.m2\repository\io\micrometer\micrometer-commons\1.13.6\micrometer-commons-1.13.6.jar;C:\Users\USUARIO\.m2\repository\io\micrometer\micrometer-jakarta9\1.13.6\micrometer-jakarta9-1.13.6.jar;C:\Users\USUARIO\.m2\repository\io\micrometer\micrometer-core\1.13.6\micrometer-core-1.13.6.jar;C:\Users\USUARIO\.m2\repository\org\hdrhistogram\HdrHistogram\2.2.2\HdrHistogram-2.2.2.jar;C:\Users\USUARIO\.m2\repository\org\latencyutils\LatencyUtils\2.0.3\LatencyUtils-2.0.3.jar;C:\Users\USUARIO\.m2\repository\org\springframework\boot\spring-boot-starter-data-mongodb\3.3.5\spring-boot-starter-data-mongodb-3.3.5.jar;C:\Users\USUARIO\.m2\repository\org\springframework\data\spring-data-mongodb\4.3.5\spring-data-mongodb-4.3.5.jar;C:\Users\USUARIO\.m2\repository\org\springframework\spring-tx\6.1.14\spring-tx-6.1.14.jar;C:\Users\USUARIO\.m2\repository\org\springframework\data\spring-data-commons\3.3.5\spring-data-commons-3.3.5.jar;C:\Users\USUARIO\.m2\repository\org\slf4j\slf4j-api\2.0.16\slf4j-api-2.0.16.jar;C:\Users\USUARIO\.m2\repository\org\mongodb\mongodb-driver-sync\5.0.1\mongodb-driver-sync-5.0.1.jar;C:\Users\USUARIO\.m2\repository\org\mongodb\bson\5.0.1\bson-5.0.1.jar;C:\Users\USUARIO\.m2\repository\org\mongodb\mongodb-driver-core\5.0.1\mongodb-driver-core-5.0.1.jar;C:\Users\USUARIO\.m2\repository\org\mongodb\bson-record-codec\5.0.1\bson-record-codec-5.0.1.jar;C:\Users\USUARIO\.m2\repository\org\springframework\boot\spring-boot-starter-security\3.3.5\spring-boot-starter-security-3.3.5.jar;C:\Users\USUARIO\.m2\repository\org\springframework\spring-aop\6.1.14\spring-aop-6.1.14.jar;C:\Users\USUARIO\.m2\repository\org\springframework\security\spring-security-config\6.3.4\spring-security-config-6.3.4.jar;C:\Users\USUARIO\.m2\repository\org\springframework\security\spring-security-web\6.3.4\spring-security-web-6.3.4.jar;C:\Users\USUARIO\.m2\repository\org\springframework\boot\spring-boot-starter-validation\3.3.5\spring-boot-starter-validation-3.3.5.jar;C:\Users\USUARIO\.m2\repository\org\apache\tomcat\embed\tomcat-embed-el\10.1.31\tomcat-embed-el-10.1.31.jar;C:\Users\USUARIO\.m2\repository\org\hibernate\validator\hibernate-validator\8.0.1.Final\hibernate-validator-8.0.1.Final.jar;C:\Users\USUARIO\.m2\repository\org\jboss\logging\jboss-logging\3.5.3.Final\jboss-logging-3.5.3.Final.jar;C:\Users\USUARIO\.m2\repository\com\fasterxml\classmate\1.7.0\classmate-1.7.0.jar;C:\Users\USUARIO\.m2\repository\org\springframework\boot\spring-boot-starter-test\3.3.5\spring-boot-starter-test-3.3.5.jar;C:\Users\USUARIO\.m2\repository\org\springframework\boot\spring-boot-test\3.3.5\spring-boot-test-3.3.5.jar;C:\Users\USUARIO\.m2\repository\org\springframework\boot\spring-boot-test-autoconfigure\3.3.5\spring-boot-test-autoconfigure-3.3.5.jar;C:\Users\USUARIO\.m2\repository\com\jayway\jsonpath\json-path\2.9.0\json-path-2.9.0.jar;C:\Users\USUARIO\.m2\repository\jakarta\xml\bind\jakarta.xml.bind-api\4.0.2\jakarta.xml.bind-api-4.0.2.jar;C:\Users\USUARIO\.m2\repository\jakarta\activation\jakarta.activation-api\2.1.3\jakarta.activation-api-2.1.3.jar;C:\Users\USUARIO\.m2\repository\net\minidev\json-smart\2.5.1\json-smart-2.5.1.jar;C:\Users\USUARIO\.m2\repository\net\minidev\accessors-smart\2.5.1\accessors-smart-2.5.1.jar;C:\Users\USUARIO\.m2\repository\org\ow2\asm\asm\9.6\asm-9.6.jar;C:\Users\USUARIO\.m2\repository\org\assertj\assertj-core\3.25.3\assertj-core-3.25.3.jar;C:\Users\USUARIO\.m2\repository\net\bytebuddy\byte-buddy\1.14.19\byte-buddy-1.14.19.jar;C:\Users\USUARIO\.m2\repository\org\awaitility\awaitility\4.2.2\awaitility-4.2.2.jar;C:\Users\USUARIO\.m2\repository\org\hamcrest\hamcrest\2.2\hamcrest-2.2.jar;C:\Users\USUARIO\.m2\repository\org\mockito\mockito-core\5.11.0\mockito-core-5.11.0.jar;C:\Users\USUARIO\.m2\repository\net\bytebuddy\byte-buddy-agent\1.14.19\byte-buddy-agent-1.14.19.jar;C:\Users\USUARIO\.m2\repository\org\objenesis\objenesis\3.3\objenesis-3.3.jar;C:\Users\USUARIO\.m2\repository\org\mockito\mockito-junit-jupiter\5.11.0\mockito-junit-jupiter-5.11.0.jar;C:\Users\USUARIO\.m2\repository\org\skyscreamer\jsonassert\1.5.3\jsonassert-1.5.3.jar;C:\Users\USUARIO\.m2\repository\com\vaadin\external\google\android-json\0.0.20131108.vaadin1\android-json-0.0.20131108.vaadin1.jar;C:\Users\USUARIO\.m2\repository\org\springframework\spring-test\6.1.14\spring-test-6.1.14.jar;C:\Users\USUARIO\.m2\repository\org\xmlunit\xmlunit-core\2.9.1\xmlunit-core-2.9.1.jar;C:\Users\USUARIO\.m2\repository\org\junit\jupiter\junit-jupiter\5.10.2\junit-jupiter-5.10.2.jar;C:\Users\USUARIO\.m2\repository\org\junit\jupiter\junit-jupiter-api\5.10.5\junit-jupiter-api-5.10.5.jar;C:\Users\USUARIO\.m2\repository\org\opentest4j\opentest4j\1.3.0\opentest4j-1.3.0.jar;C:\Users\USUARIO\.m2\repository\org\junit\platform\junit-platform-commons\1.10.5\junit-platform-commons-1.10.5.jar;C:\Users\USUARIO\.m2\repository\org\apiguardian\apiguardian-api\1.1.2\apiguardian-api-1.1.2.jar;C:\Users\USUARIO\.m2\repository\org\junit\jupiter\junit-jupiter-params\5.10.5\junit-jupiter-params-5.10.5.jar;C:\Users\USUARIO\.m2\repository\org\junit\jupiter\junit-jupiter-engine\5.10.5\junit-jupiter-engine-5.10.5.jar;C:\Users\USUARIO\.m2\repository\org\junit\platform\junit-platform-engine\1.10.5\junit-platform-engine-1.10.5.jar;C:\Users\USUARIO\.m2\repository\org\springframework\security\spring-security-test\6.3.4\spring-security-test-6.3.4.jar;C:\Users\USUARIO\.m2\repository\org\springframework\security\spring-security-core\6.3.4\spring-security-core-6.3.4.jar;C:\Users\USUARIO\.m2\repository\org\springframework\security\spring-security-crypto\6.3.4\spring-security-crypto-6.3.4.jar;C:\Users\USUARIO\.m2\repository\me\paulschwarz\spring-dotenv\4.0.0\spring-dotenv-4.0.0.jar;C:\Users\USUARIO\.m2\repository\io\github\cdimascio\dotenv-java\3.0.0\dotenv-java-3.0.0.jar;"/>
    <property name="sun.cpu.endian" value="little"/>
    <property name="user.home" value="C:\Users\USUARIO"/>
    <property name="user.language" value="es"/>
    <property name="java.specification.vendor" value="Oracle Corporation"/>
    <property name="java.version.date" value="2025-04-15"/>
    <property name="java.home" value="C:\Program Files\Java\jdk-24"/>
    <property name="file.separator" value="\"/>
    <property name="basedir" value="C:\Users\USUARIO\Documents\Universidad\DOSW\SIRHA-BackEnd"/>
    <property name="java.vm.compressedOopsMode" value="Zero based"/>
    <property name="line.separator" value="&#10;"/>
    <property name="java.vm.specification.vendor" value="Oracle Corporation"/>
    <property name="java.specification.name" value="Java Platform API Specification"/>
    <property name="FILE_LOG_CHARSET" value="UTF-8"/>
    <property name="java.awt.headless" value="true"/>
    <property name="surefire.real.class.path" value="C:\Users\USUARIO\AppData\Local\Temp\surefire15604141588415344320\surefirebooter-20251019160728064_3.jar"/>
    <property name="user.script" value=""/>
    <property name="sun.management.compiler" value="HotSpot 64-Bit Tiered Compilers"/>
    <property name="java.runtime.version" value="24.0.1+9-30"/>
    <property name="user.name" value="USUARIO"/>
    <property name="stdout.encoding" value="Cp1252"/>
    <property name="path.separator" value=";"/>
    <property name="os.version" value="10.0"/>
    <property name="java.runtime.name" value="Java(TM) SE Runtime Environment"/>
    <property name="file.encoding" value="UTF-8"/>
    <property name="FILE_LOG_PATTERN" value="%d{yyyy-MM-dd HH:mm:ss.SSS} [%thread] %-5level %logger{36} - %msg%n"/>
    <property name="java.vm.name" value="Java HotSpot(TM) 64-Bit Server VM"/>
    <property name="LOG_FILE" value="logs/sirha-app.log"/>
    <property name="localRepository" value="C:\Users\USUARIO\.m2\repository"/>
    <property name="java.vendor.url.bug" value="https://bugreport.java.com/bugreport/"/>
    <property name="java.io.tmpdir" value="C:\Users\USUARIO\AppData\Local\Temp\"/>
    <property name="sonar.token" value="squ_84f3f0e88a0046d630b5f907107df6f8ecdfc336"/>
    <property name="java.version" value="24.0.1"/>
    <property name="user.dir" value="C:\Users\USUARIO\Documents\Universidad\DOSW\SIRHA-BackEnd"/>
    <property name="os.arch" value="amd64"/>
    <property name="java.vm.specification.name" value="Java Virtual Machine Specification"/>
    <property name="PID" value="239956"/>
    <property name="sun.os.patch.level" value=""/>
    <property name="CONSOLE_LOG_CHARSET" value="UTF-8"/>
    <property name="native.encoding" value="Cp1252"/>
    <property name="java.library.path" value="C:\Program Files\Java\jdk-24\bin;C:\WINDOWS\Sun\Java\bin;C:\WINDOWS\system32;C:\WINDOWS;C:\Program Files\Microsoft SDKs\Azure\CLI2\wbin;C:\Program Files (x86)\VMware\VMware Workstation\bin\;C:\Program Files\Common Files\Oracle\Java\javapath;C:\Program Files (x86)\Common Files\Oracle\Java\javapath;C:\WINDOWS\system32;C:\WINDOWS;C:\WINDOWS\System32\Wbem;C:\WINDOWS\System32\WindowsPowerShell\v1.0\;C:\WINDOWS\System32\OpenSSH\;C:\Program Files (x86)\NVIDIA Corporation\PhysX\Common;C:\Program Files\Git\cmd;C:\Program Files\PuTTY\;C:\Users\USUARIO\Downloads\apache-maven-3.9.11\bin;;C:\Program Files\Docker\Docker\resources\bin;C:\Program Files\nodejs\;C:\Users\USUARIO\AppData\Local\Microsoft\WindowsApps;C:\Users\USUARIO\AppData\Local\Programs\Microsoft VS Code\bin;C:\Users\USUARIO\AppData\Roaming\npm;c:\Users\USUARIO\AppData\Roaming\Code\User\globalStorage\github.copilot-chat\debugCommand;."/>
    <property name="java.vm.info" value="mixed mode, sharing"/>
    <property name="stderr.encoding" value="Cp1252"/>
    <property name="java.vendor" value="Oracle Corporation"/>
    <property name="java.vm.version" value="24.0.1+9-30"/>
    <property name="sun.io.unicode.encoding" value="UnicodeLittle"/>
    <property name="java.class.version" value="68.0"/>
    <property name="CONSOLE_LOG_PATTERN" value="%d{HH:mm:ss.SSS} [%thread] %-5level %logger{36} - %msg%n"/>
    <property name="LOGGED_APPLICATION_NAME" value="[SIRHA-BackEnd] "/>
  </properties>
  <testcase name="testStudyPlanBasics" classname="edu.dosw.sirha.SIRHA_BackEnd.SirhaBackEndApplicationTests" time="0.196">
    <system-out><![CDATA[16:07:51.350 [main] INFO  o.s.t.c.s.AnnotationConfigContextLoaderUtils - Could not detect default configuration classes for test class [edu.dosw.sirha.SIRHA_BackEnd.SirhaBackEndApplicationTests]: SirhaBackEndApplicationTests does not declare any static, non-private, non-final, nested classes annotated with @Configuration.
16:07:51.350 [main] INFO  o.s.b.t.c.SpringBootTestContextBootstrapper - Found @SpringBootConfiguration edu.dosw.sirha.sirha_backend.SirhaBackEndApplication for test class edu.dosw.sirha.SIRHA_BackEnd.SirhaBackEndApplicationTests
]]></system-out>
  </testcase>
  <testcase name="testToStudentDTO" classname="edu.dosw.sirha.SIRHA_BackEnd.SirhaBackEndApplicationTests" time="0.196"/>
  <testcase name="testStateColorTransitions" classname="edu.dosw.sirha.SIRHA_BackEnd.SirhaBackEndApplicationTests" time="0.201"/>
  <testcase name="testCreateSolicitudCambioGroup2" classname="edu.dosw.sirha.SIRHA_BackEnd.SirhaBackEndApplicationTests" time="0.19"/>
  <testcase name="testNoCursadaStateSetGroupNull" classname="edu.dosw.sirha.SIRHA_BackEnd.SirhaBackEndApplicationTests" time="0.192"/>
  <testcase name="testFailureAndRetryLifecycle" classname="edu.dosw.sirha.SIRHA_BackEnd.SirhaBackEndApplicationTests" time="0.198"/>
  <testcase name="testEnCursoStateTransitions" classname="edu.dosw.sirha.SIRHA_BackEnd.SirhaBackEndApplicationTests" time="0.198"/>
  <testcase name="testToStudentDTOWithNull" classname="edu.dosw.sirha.SIRHA_BackEnd.SirhaBackEndApplicationTests" time="0.191"/>
  <testcase name="testSubjectDecoratorBasics" classname="edu.dosw.sirha.SIRHA_BackEnd.SirhaBackEndApplicationTests" time="0.191"/>
  <testcase name="testAprobadaStateCanMethods" classname="edu.dosw.sirha.SIRHA_BackEnd.SirhaBackEndApplicationTests" time="0.195"/>
  <testcase name="testHashPasswordWithSpecialCharacters" classname="edu.dosw.sirha.SIRHA_BackEnd.SirhaBackEndApplicationTests" time="0.288"/>
  <testcase name="testStudentConstructorWithUsernamePassword" classname="edu.dosw.sirha.SIRHA_BackEnd.SirhaBackEndApplicationTests" time="0.195"/>
  <testcase name="testAcademicPeriodDateValidations" classname="edu.dosw.sirha.SIRHA_BackEnd.SirhaBackEndApplicationTests" time="0.194"/>
  <testcase name="testAprobadaStateImmutable" classname="edu.dosw.sirha.SIRHA_BackEnd.SirhaBackEndApplicationTests" time="0.193"/>
  <testcase name="testCreateStudentWithSemaforo" classname="edu.dosw.sirha.SIRHA_BackEnd.SirhaBackEndApplicationTests" time="0.193"/>
  <testcase name="testStateTransitionConsistency" classname="edu.dosw.sirha.SIRHA_BackEnd.SirhaBackEndApplicationTests" time="0.193"/>
  <testcase name="testSubjectBasicFunctionalities" classname="edu.dosw.sirha.SIRHA_BackEnd.SirhaBackEndApplicationTests" time="0.191"/>
  <testcase name="testAcademicPeriodMethods" classname="edu.dosw.sirha.SIRHA_BackEnd.SirhaBackEndApplicationTests" time="0.192"/>
  <testcase name="testProfessorBasicFunctionalities" classname="edu.dosw.sirha.SIRHA_BackEnd.SirhaBackEndApplicationTests" time="0.249"/>
  <testcase name="testSubjectDecoratorStateValidations" classname="edu.dosw.sirha.SIRHA_BackEnd.SirhaBackEndApplicationTests" time="0.19"/>
  <testcase name="testAcademicPeriod" classname="edu.dosw.sirha.SIRHA_BackEnd.SirhaBackEndApplicationTests" time="0.191"/>
  <testcase name="testEnCursoStateSetGroupThrowsException" classname="edu.dosw.sirha.SIRHA_BackEnd.SirhaBackEndApplicationTests" time="0.191"/>
  <testcase name="testReprobadaStateSpecificProperties" classname="edu.dosw.sirha.SIRHA_BackEnd.SirhaBackEndApplicationTests" time="0.189"/>
  <testcase name="testMapperUtilsEdgeCases" classname="edu.dosw.sirha.SIRHA_BackEnd.SirhaBackEndApplicationTests" time="0.289"/>
  <testcase name="testStudyPlanSubjectManagement" classname="edu.dosw.sirha.SIRHA_BackEnd.SirhaBackEndApplicationTests" time="0.191"/>
  <testcase name="testVerifyPasswordCorrect" classname="edu.dosw.sirha.SIRHA_BackEnd.SirhaBackEndApplicationTests" time="0.285"/>
  <testcase name="testNoCursadaStateCanMethods" classname="edu.dosw.sirha.SIRHA_BackEnd.SirhaBackEndApplicationTests" time="0.189"/>
  <testcase name="testStateInvalidTransitionValidations" classname="edu.dosw.sirha.SIRHA_BackEnd.SirhaBackEndApplicationTests" time="0.209"/>
  <testcase name="testEnCursoStateRetirar2" classname="edu.dosw.sirha.SIRHA_BackEnd.SirhaBackEndApplicationTests" time="0.191"/>
  <testcase name="testStudentDefaultConstructor" classname="edu.dosw.sirha.SIRHA_BackEnd.SirhaBackEndApplicationTests" time="0.24"/>
  <testcase name="testScheduleValidations" classname="edu.dosw.sirha.SIRHA_BackEnd.SirhaBackEndApplicationTests" time="0.196"/>
  <testcase name="testStateCanMethodsConsistency" classname="edu.dosw.sirha.SIRHA_BackEnd.SirhaBackEndApplicationTests" time="0.193"/>
  <testcase name="testReprobadaSetSemestre" classname="edu.dosw.sirha.SIRHA_BackEnd.SirhaBackEndApplicationTests" time="0.195"/>
  <testcase name="testStateColorConsistencyAfterFailure" classname="edu.dosw.sirha.SIRHA_BackEnd.SirhaBackEndApplicationTests" time="0.213"/>
  <testcase name="testFromStudentDTO" classname="edu.dosw.sirha.SIRHA_BackEnd.SirhaBackEndApplicationTests" time="0.242"/>
  <testcase name="testReprobadaStateAllTransitions" classname="edu.dosw.sirha.SIRHA_BackEnd.SirhaBackEndApplicationTests" time="0.195"/>
  <testcase name="testMultipleSubjectsIndependentStates" classname="edu.dosw.sirha.SIRHA_BackEnd.SirhaBackEndApplicationTests" time="0.19"/>
  <testcase name="testInvalidTransitionsPreserveState" classname="edu.dosw.sirha.SIRHA_BackEnd.SirhaBackEndApplicationTests" time="0.192"/>
  <testcase name="testGroupBasics" classname="edu.dosw.sirha.SIRHA_BackEnd.SirhaBackEndApplicationTests" time="0.193"/>
  <testcase name="testSubjectContainsDifferentGroupsWithSameProperties" classname="edu.dosw.sirha.SIRHA_BackEnd.SirhaBackEndApplicationTests" time="0.192"/>
  <testcase name="testEnCursoStateSpecificProperties" classname="edu.dosw.sirha.SIRHA_BackEnd.SirhaBackEndApplicationTests" time="0.198"/>
  <testcase name="testhasAssignedGroupConsistency" classname="edu.dosw.sirha.SIRHA_BackEnd.SirhaBackEndApplicationTests" time="0.197"/>
  <testcase name="testHashPasswordNull" classname="edu.dosw.sirha.SIRHA_BackEnd.SirhaBackEndApplicationTests" time="0.212"/>
  <testcase name="testStateTransitionExceptionMessages" classname="edu.dosw.sirha.SIRHA_BackEnd.SirhaBackEndApplicationTests" time="0.195"/>
  <testcase name="testReprobadaStateCanMethods" classname="edu.dosw.sirha.SIRHA_BackEnd.SirhaBackEndApplicationTests" time="0.193"/>
  <testcase name="testGroupStates" classname="edu.dosw.sirha.SIRHA_BackEnd.SirhaBackEndApplicationTests" time="0.194"/>
  <testcase name="testFromStudentDTOWithNull" classname="edu.dosw.sirha.SIRHA_BackEnd.SirhaBackEndApplicationTests" time="0.205"/>
  <testcase name="testGroupMultipleStudentEnrollment" classname="edu.dosw.sirha.SIRHA_BackEnd.SirhaBackEndApplicationTests" time="0.338"/>
  <testcase name="testHashPassword" classname="edu.dosw.sirha.SIRHA_BackEnd.SirhaBackEndApplicationTests" time="0.253"/>
  <testcase name="testEnCursoStateAllTransitions" classname="edu.dosw.sirha.SIRHA_BackEnd.SirhaBackEndApplicationTests" time="0.194"/>
  <testcase name="testPasswordUtilsWithMapperUtils" classname="edu.dosw.sirha.SIRHA_BackEnd.SirhaBackEndApplicationTests" time="0.286"/>
  <testcase name="testHashPasswordEmpty" classname="edu.dosw.sirha.SIRHA_BackEnd.SirhaBackEndApplicationTests" time="0.193"/>
  <testcase name="testAprobadaStateAllTransitions" classname="edu.dosw.sirha.SIRHA_BackEnd.SirhaBackEndApplicationTests" time="0.194"/>
  <testcase name="testEnCursoStateCanMethods" classname="edu.dosw.sirha.SIRHA_BackEnd.SirhaBackEndApplicationTests" time="0.193"/>
  <testcase name="testEnCursoStateMultipleExitPaths" classname="edu.dosw.sirha.SIRHA_BackEnd.SirhaBackEndApplicationTests" time="0.191"/>
  <testcase name="testSubjectContainsDifferentGroupsWithSameProperties2" classname="edu.dosw.sirha.SIRHA_BackEnd.SirhaBackEndApplicationTests" time="0.195"/>
  <testcase name="testStateTransitionHistory" classname="edu.dosw.sirha.SIRHA_BackEnd.SirhaBackEndApplicationTests" time="0.207"/>
  <testcase name="testGroupNoScheduleConflict" classname="edu.dosw.sirha.SIRHA_BackEnd.SirhaBackEndApplicationTests" time="0.199"/>
  <testcase name="testEnCursoStateSetSemestreThrowsException" classname="edu.dosw.sirha.SIRHA_BackEnd.SirhaBackEndApplicationTests" time="0.191"/>
  <testcase name="testStudentToString" classname="edu.dosw.sirha.SIRHA_BackEnd.SirhaBackEndApplicationTests" time="0.191"/>
  <testcase name="testCreateSolicitudCambioGroup" classname="edu.dosw.sirha.SIRHA_BackEnd.SirhaBackEndApplicationTests" time="0.192"/>
  <testcase name="testNoCursadaStateTransitions" classname="edu.dosw.sirha.SIRHA_BackEnd.SirhaBackEndApplicationTests" time="0.19"/>
  <testcase name="testStudentSubjectEnrollment" classname="edu.dosw.sirha.SIRHA_BackEnd.SirhaBackEndApplicationTests" time="0.246"/>
  <testcase name="testCompleteStudentIntegrationFlow" classname="edu.dosw.sirha.SIRHA_BackEnd.SirhaBackEndApplicationTests" time="0.247"/>
  <testcase name="testStudentSetId" classname="edu.dosw.sirha.SIRHA_BackEnd.SirhaBackEndApplicationTests" time="0.194"/>
  <testcase name="testGroupScheduleConflictDetection" classname="edu.dosw.sirha.SIRHA_BackEnd.SirhaBackEndApplicationTests" time="0.201"/>
  <testcase name="testSemaforoBasics" classname="edu.dosw.sirha.SIRHA_BackEnd.SirhaBackEndApplicationTests" time="0.201"/>
  <testcase name="contextLoads" classname="edu.dosw.sirha.SIRHA_BackEnd.SirhaBackEndApplicationTests" time="0.205"/>
  <testcase name="testSubjectDecoratorAdvancedConfiguration" classname="edu.dosw.sirha.SIRHA_BackEnd.SirhaBackEndApplicationTests" time="0.196"/>
  <testcase name="testCompleteSubjectLifecycle" classname="edu.dosw.sirha.SIRHA_BackEnd.SirhaBackEndApplicationTests" time="0.195"/>
  <testcase name="testStudentAcademicValidations" classname="edu.dosw.sirha.SIRHA_BackEnd.SirhaBackEndApplicationTests" time="0.243"/>
  <testcase name="testSubjectDecorator" classname="edu.dosw.sirha.SIRHA_BackEnd.SirhaBackEndApplicationTests" time="0.192"/>
  <testcase name="testNoCursadaStateSetGroupValid" classname="edu.dosw.sirha.SIRHA_BackEnd.SirhaBackEndApplicationTests" time="0.207"/>
  <testcase name="testReprobadaStateSpecificBehavior" classname="edu.dosw.sirha.SIRHA_BackEnd.SirhaBackEndApplicationTests" time="0.202"/>
  <testcase name="testStateInstanceUniqueness" classname="edu.dosw.sirha.SIRHA_BackEnd.SirhaBackEndApplicationTests" time="0.201"/>
  <testcase name="testStateMethodDelegation" classname="edu.dosw.sirha.SIRHA_BackEnd.SirhaBackEndApplicationTests" time="0.223"/>
  <testcase name="testStudentPasswordHashing" classname="edu.dosw.sirha.SIRHA_BackEnd.SirhaBackEndApplicationTests" time="0.357"/>
  <testcase name="testVerifyPasswordIncorrect" classname="edu.dosw.sirha.SIRHA_BackEnd.SirhaBackEndApplicationTests" time="0.308"/>
  <testcase name="testGroupAutoCloseWhenFull" classname="edu.dosw.sirha.SIRHA_BackEnd.SirhaBackEndApplicationTests" time="0.35"/>
  <testcase name="testStateColorConsistency" classname="edu.dosw.sirha.SIRHA_BackEnd.SirhaBackEndApplicationTests" time="0.195"/>
  <testcase name="testStudentGets" classname="edu.dosw.sirha.SIRHA_BackEnd.SirhaBackEndApplicationTests" time="0.249"/>
  <testcase name="testStudentSetCodigo" classname="edu.dosw.sirha.SIRHA_BackEnd.SirhaBackEndApplicationTests" time="0.195"/>
  <testcase name="testStudentDTOSecurity" classname="edu.dosw.sirha.SIRHA_BackEnd.SirhaBackEndApplicationTests" time="0.206"/>
  <testcase name="testToStudentDTOWithSpecialCharacters" classname="edu.dosw.sirha.SIRHA_BackEnd.SirhaBackEndApplicationTests" time="0.199"/>
  <testcase name="testAllStatesgetStatusName" classname="edu.dosw.sirha.SIRHA_BackEnd.SirhaBackEndApplicationTests" time="0.209"/>
  <testcase name="testAprobadaStateSpecificProperties" classname="edu.dosw.sirha.SIRHA_BackEnd.SirhaBackEndApplicationTests" time="0.197"/>
  <testcase name="testEnCursoStateToReprobada2" classname="edu.dosw.sirha.SIRHA_BackEnd.SirhaBackEndApplicationTests" time="0.205"/>
  <testcase name="testNoCursadaStateAllTransitions" classname="edu.dosw.sirha.SIRHA_BackEnd.SirhaBackEndApplicationTests" time="0.207"/>
  <testcase name="testAprobadaSetSemestre" classname="edu.dosw.sirha.SIRHA_BackEnd.SirhaBackEndApplicationTests" time="0.211"/>
  <testcase name="testNoCursadaStateSpecificProperties" classname="edu.dosw.sirha.SIRHA_BackEnd.SirhaBackEndApplicationTests" time="0.2"/>
  <testcase name="testCompleteStudentFlow" classname="edu.dosw.sirha.SIRHA_BackEnd.SirhaBackEndApplicationTests" time="0.274"/>
  <testcase name="testSubjectStates" classname="edu.dosw.sirha.SIRHA_BackEnd.SirhaBackEndApplicationTests" time="0.243"/>
  <testcase name="testGroupSpecialStateHandling" classname="edu.dosw.sirha.SIRHA_BackEnd.SirhaBackEndApplicationTests" time="0.351"/>
  <testcase name="testProfessorBasics" classname="edu.dosw.sirha.SIRHA_BackEnd.SirhaBackEndApplicationTests" time="0.273"/>
</testsuite>